<?xml version="1.0" encoding="UTF-8"?>
<testng-results ignored="0" total="1" passed="1" failed="0" skipped="0">
  <reporter-output>
  </reporter-output>
  <suite started-at="2024-03-01T16:54:09 IST" name="Default suite" finished-at="2024-03-01T16:54:18 IST" duration-ms="9378">
    <groups>
    </groups>
    <test started-at="2024-03-01T16:54:09 IST" name="Default test" finished-at="2024-03-01T16:54:18 IST" duration-ms="9378">
      <class name="PracticeProjectAxis.Project.Job">
        <test-method signature="Log()[pri:0, instance:PracticeProjectAxis.Project.Job@791f145a]" started-at="2024-03-01T16:54:09 IST" name="Log" finished-at="2024-03-01T16:54:16 IST" duration-ms="7603" status="PASS">
          <reporter-output>
          </reporter-output>
        </test-method> <!-- Log -->
        <test-method is-config="true" signature="jobs()[pri:0, instance:PracticeProjectAxis.Project.Job@791f145a]" started-at="2024-03-01T16:54:16 IST" name="jobs" finished-at="2024-03-01T16:54:18 IST" duration-ms="1728" status="PASS">
          <reporter-output>
          </reporter-output>
        </test-method> <!-- jobs -->
      </class> <!-- PracticeProjectAxis.Project.Job -->
    </test> <!-- Default test -->
  </suite> <!-- Default suite -->
</testng-results>
